..\..\bin\Debug\XMClient.ilk
..\..\bin\Debug\XMClient.pdb
F:\每天工作\GAME-UI-SOLUTION\BIN\DEBUG\XMCLIENT.EXE
F:\每天工作\GAME-UI-SOLUTION\BIN\DEBUG\XMCLIENT.ILK
F:\每天工作\GAME-UI-SOLUTION\BIN\DEBUG\XMCLIENT.PDB
F:\每天工作\game-ui-solution\obj\cl.command.1.tlog
F:\每天工作\game-ui-solution\obj\CL.read.1.tlog
F:\每天工作\game-ui-solution\obj\CL.write.1.tlog
F:\每天工作\GAME-UI-SOLUTION\OBJ\GAMEPROCEDURE.OBJ
F:\每天工作\GAME-UI-SOLUTION\OBJ\GLOBAL.OBJ
F:\每天工作\game-ui-solution\obj\link.command.1.tlog
F:\每天工作\game-ui-solution\obj\link.read.1.tlog
F:\每天工作\game-ui-solution\obj\link.write.1.tlog
F:\每天工作\game-ui-solution\obj\link-cvtres.read.1.tlog
F:\每天工作\game-ui-solution\obj\link-cvtres.write.1.tlog
F:\每天工作\game-ui-solution\obj\mt.command.1.tlog
F:\每天工作\game-ui-solution\obj\mt.read.1.tlog
F:\每天工作\game-ui-solution\obj\mt.write.1.tlog
F:\每天工作\game-ui-solution\obj\rc.command.1.tlog
F:\每天工作\game-ui-solution\obj\rc.read.1.tlog
F:\每天工作\game-ui-solution\obj\rc.write.1.tlog
F:\每天工作\GAME-UI-SOLUTION\OBJ\STDAFX.OBJ
F:\每天工作\game-ui-solution\obj\vc100.idb
F:\每天工作\GAME-UI-SOLUTION\OBJ\VC100.PDB
F:\每天工作\GAME-UI-SOLUTION\OBJ\XMCLIENT.EXE.INTERMEDIATE.MANIFEST
F:\每天工作\GAME-UI-SOLUTION\OBJ\XMCLIENT.OBJ
F:\每天工作\GAME-UI-SOLUTION\OBJ\XMCLIENT.RES
F:\每天工作\game-ui-solution\XMClient\XMClient\..\..\bin\Debug\XMClient.exe
